f:\vs-xiphaudiobuild\libvorbis\win32\vs2010\libvorbis\x64\debugshared\vc142.pdb
f:\vs-xiphaudiobuild\libvorbis\win32\vs2010\libvorbis\x64\debugshared\vc142.idb
f:\vs-xiphaudiobuild\libvorbis\win32\vs2010\libvorbis\x64\debugshared\bitrate.obj
f:\vs-xiphaudiobuild\libvorbis\win32\vs2010\libvorbis\x64\debugshared\block.obj
f:\vs-xiphaudiobuild\libvorbis\win32\vs2010\libvorbis\x64\debugshared\codebook.obj
f:\vs-xiphaudiobuild\libvorbis\win32\vs2010\libvorbis\x64\debugshared\envelope.obj
f:\vs-xiphaudiobuild\libvorbis\win32\vs2010\libvorbis\x64\debugshared\floor0.obj
f:\vs-xiphaudiobuild\libvorbis\win32\vs2010\libvorbis\x64\debugshared\floor1.obj
f:\vs-xiphaudiobuild\libvorbis\win32\vs2010\libvorbis\x64\debugshared\info.obj
f:\vs-xiphaudiobuild\libvorbis\win32\vs2010\libvorbis\x64\debugshared\lookup.obj
f:\vs-xiphaudiobuild\libvorbis\win32\vs2010\libvorbis\x64\debugshared\lpc.obj
f:\vs-xiphaudiobuild\libvorbis\win32\vs2010\libvorbis\x64\debugshared\lsp.obj
f:\vs-xiphaudiobuild\libvorbis\win32\vs2010\libvorbis\x64\debugshared\mapping0.obj
f:\vs-xiphaudiobuild\libvorbis\win32\vs2010\libvorbis\x64\debugshared\mdct.obj
f:\vs-xiphaudiobuild\libvorbis\win32\vs2010\libvorbis\x64\debugshared\psy.obj
f:\vs-xiphaudiobuild\libvorbis\win32\vs2010\libvorbis\x64\debugshared\registry.obj
f:\vs-xiphaudiobuild\libvorbis\win32\vs2010\libvorbis\x64\debugshared\res0.obj
f:\vs-xiphaudiobuild\libvorbis\win32\vs2010\libvorbis\x64\debugshared\sharedbook.obj
f:\vs-xiphaudiobuild\libvorbis\win32\vs2010\libvorbis\x64\debugshared\smallft.obj
f:\vs-xiphaudiobuild\libvorbis\win32\vs2010\libvorbis\x64\debugshared\synthesis.obj
f:\vs-xiphaudiobuild\libvorbis\win32\vs2010\libvorbis\x64\debugshared\vorbisenc.obj
f:\vs-xiphaudiobuild\libvorbis\win32\vs2010\libvorbis\x64\debugshared\window.obj
f:\vs-xiphaudiobuild\libvorbis\win32\vs2010\libvorbis\x64\debugshared\analysis.obj
f:\vs-xiphaudiobuild\libvorbis\win32\vs2010\libvorbis\x64\debugshared\libvorbis.tlog\cl.command.1.tlog
f:\vs-xiphaudiobuild\libvorbis\win32\vs2010\libvorbis\x64\debugshared\libvorbis.tlog\cl.read.1.tlog
f:\vs-xiphaudiobuild\libvorbis\win32\vs2010\libvorbis\x64\debugshared\libvorbis.tlog\cl.write.1.tlog
f:\vs-xiphaudiobuild\libvorbis\win32\vs2010\libvorbis\x64\debugshared\libvorbis.tlog\link.command.1.tlog
f:\vs-xiphaudiobuild\libvorbis\win32\vs2010\libvorbis\x64\debugshared\libvorbis.tlog\link.read.1.tlog
f:\vs-xiphaudiobuild\libvorbis\win32\vs2010\libvorbis\x64\debugshared\libvorbis.tlog\link.write.1.tlog
