C:\Program Files (x86)\Microsoft Visual Studio\2019\Community\MSBuild\Microsoft\VC\v160\Microsoft.CppBuild.targets(467,5): warning MSB8028: Das Zwischenverzeichnis (Win32\ReleaseShared\) enthält freigegebene Dateien aus einem anderen Projekt (libvorbis.vcxproj). Dies kann zu einem falschen Bereinigungs- und Neuerstellungsverhalten führen.
  analysis.c
  bitrate.c
  block.c
F:\VS-XiphAudioBuild\vorbis\lib\block.c(255,10): warning C4456: Deklaration von "i" blendet vorherige lokale Deklaration aus
F:\VS-XiphAudioBuild\vorbis\lib\block.c(171,7): message : Siehe Deklaration von "i"
F:\VS-XiphAudioBuild\vorbis\lib\block.c(1028,10): warning C4456: Deklaration von "i" blendet vorherige lokale Deklaration aus
F:\VS-XiphAudioBuild\vorbis\lib\block.c(971,7): message : Siehe Deklaration von "i"
  codebook.c
  envelope.c
  floor0.c
  floor1.c
F:\VS-XiphAudioBuild\vorbis\lib\floor1.c(496,15): warning C4457: Deklaration von "a" blendet Funktionsparameter aus
F:\VS-XiphAudioBuild\vorbis\lib\floor1.c(456,32): message : Siehe Deklaration von "a"
F:\VS-XiphAudioBuild\vorbis\lib\floor1.c(713,13): warning C4456: Deklaration von "y0" blendet vorherige lokale Deklaration aus
F:\VS-XiphAudioBuild\vorbis\lib\floor1.c(612,9): message : Siehe Deklaration von "y0"
F:\VS-XiphAudioBuild\vorbis\lib\floor1.c(714,13): warning C4456: Deklaration von "y1" blendet vorherige lokale Deklaration aus
F:\VS-XiphAudioBuild\vorbis\lib\floor1.c(613,9): message : Siehe Deklaration von "y1"
  info.c
F:\VS-XiphAudioBuild\vorbis\lib\info.c(64,9): warning C4996: 'strcpy': This function or variable may be unsafe. Consider using strcpy_s instead. To disable deprecation, use _CRT_SECURE_NO_WARNINGS. See online help for details.
F:\VS-XiphAudioBuild\vorbis\lib\info.c(72,9): warning C4996: 'strcpy': This function or variable may be unsafe. Consider using strcpy_s instead. To disable deprecation, use _CRT_SECURE_NO_WARNINGS. See online help for details.
F:\VS-XiphAudioBuild\vorbis\lib\info.c(73,9): warning C4996: 'strcat': This function or variable may be unsafe. Consider using strcat_s instead. To disable deprecation, use _CRT_SECURE_NO_WARNINGS. See online help for details.
F:\VS-XiphAudioBuild\vorbis\lib\info.c(74,9): warning C4996: 'strcat': This function or variable may be unsafe. Consider using strcat_s instead. To disable deprecation, use _CRT_SECURE_NO_WARNINGS. See online help for details.
F:\VS-XiphAudioBuild\vorbis\lib\info.c(97,9): warning C4996: 'strcpy': This function or variable may be unsafe. Consider using strcpy_s instead. To disable deprecation, use _CRT_SECURE_NO_WARNINGS. See online help for details.
F:\VS-XiphAudioBuild\vorbis\lib\info.c(98,9): warning C4996: 'strcat': This function or variable may be unsafe. Consider using strcat_s instead. To disable deprecation, use _CRT_SECURE_NO_WARNINGS. See online help for details.
F:\VS-XiphAudioBuild\vorbis\lib\info.c(119,9): warning C4996: 'strcpy': This function or variable may be unsafe. Consider using strcpy_s instead. To disable deprecation, use _CRT_SECURE_NO_WARNINGS. See online help for details.
F:\VS-XiphAudioBuild\vorbis\lib\info.c(120,9): warning C4996: 'strcat': This function or variable may be unsafe. Consider using strcat_s instead. To disable deprecation, use _CRT_SECURE_NO_WARNINGS. See online help for details.
  lookup.c
  lpc.c
  lsp.c
  mapping0.c
  mdct.c
F:\VS-XiphAudioBuild\vorbis\lib\mdct.c(78,32): warning C4456: Deklaration von "i" blendet vorherige lokale Deklaration aus
F:\VS-XiphAudioBuild\vorbis\lib\mdct.c(55,7): message : Siehe Deklaration von "i"
F:\VS-XiphAudioBuild\vorbis\lib\mdct.c(439,19): warning C4456: Deklaration von "iX" blendet vorherige lokale Deklaration aus
F:\VS-XiphAudioBuild\vorbis\lib\mdct.c(403,14): message : Siehe Deklaration von "iX"
  psy.c
F:\VS-XiphAudioBuild\vorbis\lib\psy.c(238,16): warning C4456: Deklaration von "bin" blendet vorherige lokale Deklaration aus
F:\VS-XiphAudioBuild\vorbis\lib\psy.c(159,27): message : Siehe Deklaration von "bin"
  registry.c
  res0.c
  sharedbook.c
  smallft.c
  synthesis.c
  vorbisenc.c
  Kompilieren...
  window.c
     Bibliothek "F:\VS-XiphAudioBuild\vorbis\win32\VS2010\..\..\..\build\Win32\ReleaseShared\vorbis.lib" und Objekt "F:\VS-XiphAudioBuild\vorbis\win32\VS2010\..\..\..\build\Win32\ReleaseShared\vorbis.exp" werden erstellt.
  Code wird generiert.
  Not all modules are compiled with -Gy (function comdat), build without incremental LTCG.
  Codegenerierung ist abgeschlossen.
  libvorbis_dynamic.vcxproj -> F:\VS-XiphAudioBuild\vorbis\win32\VS2010\..\..\..\build\Win32\ReleaseShared\vorbis.dll
