C:\Program Files (x86)\Microsoft Visual Studio\2019\Community\MSBuild\Microsoft\VC\v160\Microsoft.CppBuild.targets(467,5): warning MSB8028: Das Zwischenverzeichnis (x64\DebugShared\) enthält freigegebene Dateien aus einem anderen Projekt (libvorbisfile.vcxproj). Dies kann zu einem falschen Bereinigungs- und Neuerstellungsverhalten führen.
cl : befehlszeile warning D9035: Die Option "Gm" ist veraltet und wird in einer der nächsten Versionen entfernt.
  vorbisfile.c
F:\VS-XiphAudioBuild\libvorbis\lib\vorbisfile.c(71,1): warning C4267: "Initialisierung": Konvertierung von "size_t" nach "long", Datenverlust möglich
F:\VS-XiphAudioBuild\libvorbis\lib\vorbisfile.c(258,42): warning C4244: "Funktion": Konvertierung von "ogg_int64_t" in "long", möglicher Datenverlust
F:\VS-XiphAudioBuild\libvorbis\lib\vorbisfile.c(276,27): warning C4244: "=": Konvertierung von "ogg_int64_t" in "int", möglicher Datenverlust
F:\VS-XiphAudioBuild\libvorbis\lib\vorbisfile.c(548,25): warning C4244: "return": Konvertierung von "ogg_int64_t" in "int", möglicher Datenverlust
F:\VS-XiphAudioBuild\libvorbis\lib\vorbisfile.c(569,23): warning C4244: "return": Konvertierung von "ogg_int64_t" in "int", möglicher Datenverlust
F:\VS-XiphAudioBuild\libvorbis\lib\vorbisfile.c(572,23): warning C4244: "return": Konvertierung von "ogg_int64_t" in "int", möglicher Datenverlust
F:\VS-XiphAudioBuild\libvorbis\lib\vorbisfile.c(582,23): warning C4244: "return": Konvertierung von "ogg_int64_t" in "int", möglicher Datenverlust
F:\VS-XiphAudioBuild\libvorbis\lib\vorbisfile.c(644,23): warning C4244: "return": Konvertierung von "ogg_int64_t" in "int", möglicher Datenverlust
F:\VS-XiphAudioBuild\libvorbis\lib\vorbisfile.c(877,21): warning C4244: "Funktion": Konvertierung von "ogg_int64_t" in "long", möglicher Datenverlust
F:\VS-XiphAudioBuild\libvorbis\lib\vorbisfile.c(1015,13): warning C4996: 'fopen': This function or variable may be unsafe. Consider using fopen_s instead. To disable deprecation, use _CRT_SECURE_NO_WARNINGS. See online help for details.
F:\VS-XiphAudioBuild\libvorbis\lib\vorbisfile.c(1121,35): warning C4244: "=": Konvertierung von "double" in "float", möglicher Datenverlust
F:\VS-XiphAudioBuild\libvorbis\lib\vorbisfile.c(1122,21): warning C4244: "return": Konvertierung von "double" in "long", möglicher Datenverlust
F:\VS-XiphAudioBuild\libvorbis\lib\vorbisfile.c(1126,80): warning C4244: "return": Konvertierung von "double" in "long", möglicher Datenverlust
F:\VS-XiphAudioBuild\libvorbis\lib\vorbisfile.c(1154,54): warning C4244: "=": Konvertierung von "double" in "long", möglicher Datenverlust
F:\VS-XiphAudioBuild\libvorbis\lib\vorbisfile.c(1763,39): warning C4244: "=": Konvertierung von "ogg_int64_t" in "long", möglicher Datenverlust
F:\VS-XiphAudioBuild\libvorbis\lib\vorbisfile.c(1800,1): warning C4244: "Initialisierung": Konvertierung von "double" in "ogg_int64_t", möglicher Datenverlust
F:\VS-XiphAudioBuild\libvorbis\lib\vorbisfile.c(1830,1): warning C4244: "Initialisierung": Konvertierung von "double" in "ogg_int64_t", möglicher Datenverlust
F:\VS-XiphAudioBuild\libvorbis\lib\vorbisfile.c(2169,1): warning C4244: "Initialisierung": Konvertierung von "double" in "float", möglicher Datenverlust
  libvorbisfile_dynamic.vcxproj -> F:\VS-XiphAudioBuild\libvorbis\win32\VS2010\..\..\..\build\x64\DebugShared\vorbisfile.dll
